Watching for file changes with StatReloader
Performing system checks...

System check identified some issues:

WARNINGS:
todos.Todo: (models.W042) Auto-created primary key used when not defining a primary key type, by default 'django.db.models.AutoField'.
	HINT: Configure the DEFAULT_AUTO_FIELD setting or the TodosConfig.default_auto_field attribute to point to a subclass of AutoField, e.g. 'django.db.models.BigAutoField'.

System check identified 1 issue (0 silenced).
August 11, 2022 - 15:21:37
Django version 4.1, using settings 'todoApp.settings'
Starting development server at http://0.0.0.0:8000/
Quit the server with CONTROL-C.
Watching for file changes with StatReloader
Performing system checks...

System check identified some issues:

WARNINGS:
todos.Todo: (models.W042) Auto-created primary key used when not defining a primary key type, by default 'django.db.models.AutoField'.
	HINT: Configure the DEFAULT_AUTO_FIELD setting or the TodosConfig.default_auto_field attribute to point to a subclass of AutoField, e.g. 'django.db.models.BigAutoField'.

System check identified 1 issue (0 silenced).
August 11, 2022 - 15:22:22
Django version 4.1, using settings 'todoApp.settings'
Starting development server at http://0.0.0.0:8000/
Quit the server with CONTROL-C.
Not Found: /todos/3/delete
[11/Aug/2022 15:23:10] "GET /todos/3/delete HTTP/1.1" 404 2534
[11/Aug/2022 15:23:14] "GET /todos/2/delete HTTP/1.1" 302 0
[11/Aug/2022 15:23:14] "GET /todos/ HTTP/1.1" 200 2913
[11/Aug/2022 15:23:21] "GET /todos/22/delete HTTP/1.1" 302 0
[11/Aug/2022 15:23:21] "GET /todos/ HTTP/1.1" 200 2328
[11/Aug/2022 15:23:29] "POST /todos/add/ HTTP/1.1" 302 0
[11/Aug/2022 15:23:29] "GET /todos/ HTTP/1.1" 200 2913
[11/Aug/2022 15:23:43] "POST /todos/add/ HTTP/1.1" 302 0
[11/Aug/2022 15:23:43] "GET /todos/ HTTP/1.1" 200 3496
[11/Aug/2022 15:23:46] "POST /todos/24/update HTTP/1.1" 302 0
[11/Aug/2022 15:23:46] "GET /todos/ HTTP/1.1" 200 3533
[11/Aug/2022 15:23:55] "POST /todos/add/ HTTP/1.1" 302 0
[11/Aug/2022 15:23:56] "GET /todos/ HTTP/1.1" 200 4118
[11/Aug/2022 15:23:58] "POST /todos/25/update HTTP/1.1" 302 0
[11/Aug/2022 15:23:58] "GET /todos/ HTTP/1.1" 200 4155
[11/Aug/2022 15:23:59] "GET /todos/25/delete HTTP/1.1" 302 0
[11/Aug/2022 15:23:59] "GET /todos/ HTTP/1.1" 200 3533
[11/Aug/2022 15:24:00] "GET /todos/24/delete HTTP/1.1" 302 0
[11/Aug/2022 15:24:00] "GET /todos/ HTTP/1.1" 200 2913
[11/Aug/2022 15:24:03] "GET /todos/ HTTP/1.1" 200 2913
